2019-10-24 12:12:08,374 [INFO] [main] o.s.data.repository.config.RepositoryConfigurationDelegate [RepositoryConfigurationDelegate.java : 163] Multiple Spring Data modules found, entering strict repository configuration mode!
2019-10-24 12:12:09,421 [INFO] [main] com.alibaba.druid.pool.DruidDataSource [DruidDataSource.java : 930] {dataSource-1} inited
2019-10-24 12:12:12,122 [INFO] [main] org.apache.catalina.core.StandardService [DirectJDKLog.java : 180] Starting service [Tomcat]
2019-10-24 12:12:12,123 [INFO] [main] org.apache.catalina.core.StandardEngine [DirectJDKLog.java : 180] Starting Servlet Engine: Apache Tomcat/8.5.31
2019-10-24 12:12:12,135 [INFO] [localhost-startStop-1] org.apache.catalina.core.AprLifecycleListener [DirectJDKLog.java : 180] The APR based Apache Tomcat Native library which allows optimal performance in production environments was not found on the java.library.path: [C:\java\jre1.8.0_172\bin;C:\WINDOWS\Sun\Java\bin;C:\WINDOWS\system32;C:\WINDOWS;C:/java/jdk1.8.0_172/bin/../jre/bin/server;C:/java/jdk1.8.0_172/bin/../jre/bin;C:/java/jdk1.8.0_172/bin/../jre/lib/amd64;C:\Program Files (x86)\Common Files\NetSarang;C:\java\jdk1.8.0_172\bin;C:\java\jdk1.8.0_172\jre\bin;C:\Program Files (x86)\Common Files\Oracle\Java\javapath;c:\Oracle\product\10.1.0\Client_1\bin;c:\Oracle\product\10.1.0\Client_1\jre\1.4.2\bin\client;c:\Oracle\product\10.1.0\Client_1\jre\1.4.2\bin;C:\Program Files (x86)\Intel\Intel(R) Management Engine Components\iCLS\;C:\Program Files\Intel\Intel(R) Management Engine Components\iCLS\;C:\WINDOWS\system32;C:\WINDOWS;C:\WINDOWS\System32\Wbem;C:\WINDOWS\System32\WindowsPowerShell\v1.0\;C:\WINDOWS\System32\OpenSSH\;C:\Program Files (x86)\Intel\Intel(R) Management Engine Components\DAL;C:\Program Files\Intel\Intel(R) Management Engine Components\DAL;C:\Program Files (x86)\Git\cmd;C:\Program Files (x86)\GitExtensions\;C:\Program Files\TortoiseGit\bin;C:\Program Files\TortoiseSVN\bin;C:\Program Files\dotnet\;d:\ue\UltraCompare;D:\dbs\mysql-5.7.20-winx64\bin;D:\container\apache-maven-3.5.4\bin;C:\Program Files\Intel\WiFi\bin\;C:\Program Files\Common Files\Intel\WirelessCommon\;C:\Program Files\WinRAR\;C:\Users\Thinkpad\AppData\Local\Microsoft\WindowsApps;;d:\VSCode\bin;C:\Users\Thinkpad\.dotnet\tools;%USERPROFILE%\AppData\Local\Microsoft\WindowsApps;D:\eclipse\eclipse-4.5.2;;.]
2019-10-24 12:12:12,309 [INFO] [localhost-startStop-1] o.a.catalina.core.ContainerBase.[Tomcat].[localhost].[/demo] [DirectJDKLog.java : 180] Initializing Spring embedded WebApplicationContext
2019-10-24 12:12:12,992 [INFO] [main] org.quartz.impl.StdSchedulerFactory [StdSchedulerFactory.java : 1208] Using default implementation for ThreadExecutor
2019-10-24 12:12:13,007 [INFO] [main] org.quartz.core.SchedulerSignalerImpl [SchedulerSignalerImpl.java : 61] Initialized Scheduler Signaller of type: class org.quartz.core.SchedulerSignalerImpl
2019-10-24 12:12:13,007 [INFO] [main] org.quartz.core.QuartzScheduler [QuartzScheduler.java : 229] Quartz Scheduler v.2.3.0 created.
2019-10-24 12:12:13,011 [INFO] [main] o.springframework.scheduling.quartz.LocalDataSourceJobStore [JobStoreSupport.java : 672] Using db table-based data access locking (synchronization).
2019-10-24 12:12:13,014 [INFO] [main] o.springframework.scheduling.quartz.LocalDataSourceJobStore [JobStoreCMT.java : 145] JobStoreCMT initialized.
2019-10-24 12:12:13,015 [INFO] [main] org.quartz.core.QuartzScheduler [QuartzScheduler.java : 294] Scheduler meta-data: Quartz Scheduler (v2.3.0) 'RenrenScheduler' with instanceId 'WANGJH2501571890332994'
  Scheduler class: 'org.quartz.core.QuartzScheduler' - running locally.
  NOT STARTED.
  Currently in standby mode.
  Number of jobs executed: 0
  Using thread pool 'org.quartz.simpl.SimpleThreadPool' - with 20 threads.
  Using job-store 'org.springframework.scheduling.quartz.LocalDataSourceJobStore' - which supports persistence. and is clustered.

2019-10-24 12:12:13,015 [INFO] [main] org.quartz.impl.StdSchedulerFactory [StdSchedulerFactory.java : 1362] Quartz scheduler 'RenrenScheduler' initialized from an externally provided properties instance.
2019-10-24 12:12:13,016 [INFO] [main] org.quartz.impl.StdSchedulerFactory [StdSchedulerFactory.java : 1366] Quartz scheduler version: 2.3.0
2019-10-24 12:12:13,018 [INFO] [main] org.quartz.core.QuartzScheduler [QuartzScheduler.java : 2287] JobFactory set to: org.springframework.scheduling.quartz.AdaptableJobFactory@5763a655
2019-10-24 12:12:13,103 [DEBUG] [main] io.renren.modules.job.dao.ScheduleJobDao.selectList [BaseJdbcLogger.java : 159] ==>  Preparing: SELECT job_id AS jobId,bean_name AS beanName,method_name AS methodName,params,cron_expression AS cronExpression,`status`,remark,create_time AS createTime FROM schedule_job 
2019-10-24 12:12:13,131 [DEBUG] [main] io.renren.modules.job.dao.ScheduleJobDao.selectList [BaseJdbcLogger.java : 159] ==> Parameters: 
2019-10-24 12:12:13,150 [DEBUG] [main] io.renren.modules.job.dao.ScheduleJobDao.selectList [BaseJdbcLogger.java : 159] <==      Total: 0
2019-10-24 12:12:15,870 [INFO] [main] s.d.spring.web.plugins.DocumentationPluginsBootstrapper [DocumentationPluginsBootstrapper.java : 147] Context refreshed
2019-10-24 12:12:15,888 [INFO] [main] s.d.spring.web.plugins.DocumentationPluginsBootstrapper [DocumentationPluginsBootstrapper.java : 150] Found 1 custom documentation plugin(s)
2019-10-24 12:12:15,929 [INFO] [main] s.d.spring.web.scanners.ApiListingReferenceScanner [ApiListingReferenceScanner.java : 41] Scanning for api listing references
2019-10-24 12:12:38,196 [INFO] [http-nio-8080-exec-1] org.apache.tomcat.util.http.parser.Cookie [DirectJDKLog.java : 180] A cookie header was received [:0.6522615181524607:sdgscustomerid=1; __session:0.6522615181524607:sdgsheadurl=0.png; __session:0.6522615181524607:sdgsname=张三] that contained an invalid cookie. That cookie will be ignored.Note: further occurrences of this error will be logged at DEBUG level.
2019-10-24 12:12:38,216 [INFO] [http-nio-8080-exec-2] o.a.catalina.core.ContainerBase.[Tomcat].[localhost].[/demo] [DirectJDKLog.java : 180] Initializing Spring FrameworkServlet 'dispatcherServlet'
2019-10-24 12:12:38,267 [INFO] [http-nio-8080-exec-2] o.apache.shiro.session.mgt.AbstractValidatingSessionManager [AbstractValidatingSessionManager.java : 233] Enabling session validation scheduler...
2019-10-24 12:12:40,943 [DEBUG] [http-nio-8080-exec-5] io.renren.modules.sys.dao.SysUserDao.getValid [BaseJdbcLogger.java : 159] ==>  Preparing: SELECT CASE WHEN DATE_FORMAT(NOW(), '%Y-%m-%d') > DATE_FORMAT(t.value, '%Y-%m-%d') THEN 0 ELSE 1 END AS valid FROM sys_dict t WHERE TYPE = 'invaliddate' 
2019-10-24 12:12:40,944 [DEBUG] [http-nio-8080-exec-5] io.renren.modules.sys.dao.SysUserDao.getValid [BaseJdbcLogger.java : 159] ==> Parameters: 
2019-10-24 12:12:40,947 [DEBUG] [http-nio-8080-exec-5] io.renren.modules.sys.dao.SysUserDao.getValid [BaseJdbcLogger.java : 159] <==      Total: 1
2019-10-24 12:12:40,954 [DEBUG] [http-nio-8080-exec-5] io.renren.modules.sys.dao.SysUserDao.selectOne [BaseJdbcLogger.java : 159] ==>  Preparing: SELECT user_id AS userId,username,`password`,operatorname,salt,email,mobile,`status`,create_time AS createTime,dept_id AS deptId,dept_name AS deptName FROM sys_user WHERE username=? 
2019-10-24 12:12:40,955 [DEBUG] [http-nio-8080-exec-5] io.renren.modules.sys.dao.SysUserDao.selectOne [BaseJdbcLogger.java : 159] ==> Parameters: admin(String)
2019-10-24 12:12:40,959 [DEBUG] [http-nio-8080-exec-5] io.renren.modules.sys.dao.SysUserDao.selectOne [BaseJdbcLogger.java : 159] <==      Total: 1
2019-10-24 12:12:41,129 [DEBUG] [http-nio-8080-exec-7] io.renren.modules.sys.dao.SysMenuDao.queryListParentId [BaseJdbcLogger.java : 159] ==>  Preparing: select * from sys_menu where parent_id = ? order by order_num asc 
2019-10-24 12:12:41,132 [DEBUG] [http-nio-8080-exec-7] io.renren.modules.sys.dao.SysMenuDao.queryListParentId [BaseJdbcLogger.java : 159] ==> Parameters: 0(Long)
2019-10-24 12:12:41,136 [DEBUG] [http-nio-8080-exec-7] io.renren.modules.sys.dao.SysMenuDao.queryListParentId [BaseJdbcLogger.java : 159] <==      Total: 2
2019-10-24 12:12:41,139 [DEBUG] [http-nio-8080-exec-7] io.renren.modules.sys.dao.SysMenuDao.queryListParentId [BaseJdbcLogger.java : 159] ==>  Preparing: select * from sys_menu where parent_id = ? order by order_num asc 
2019-10-24 12:12:41,140 [DEBUG] [http-nio-8080-exec-7] io.renren.modules.sys.dao.SysMenuDao.queryListParentId [BaseJdbcLogger.java : 159] ==> Parameters: 1(Long)
2019-10-24 12:12:41,146 [DEBUG] [http-nio-8080-exec-7] io.renren.modules.sys.dao.SysMenuDao.queryListParentId [BaseJdbcLogger.java : 159] <==      Total: 10
2019-10-24 12:12:41,147 [DEBUG] [http-nio-8080-exec-7] io.renren.modules.sys.dao.SysMenuDao.queryListParentId [BaseJdbcLogger.java : 159] ==>  Preparing: select * from sys_menu where parent_id = ? order by order_num asc 
2019-10-24 12:12:41,148 [DEBUG] [http-nio-8080-exec-7] io.renren.modules.sys.dao.SysMenuDao.queryListParentId [BaseJdbcLogger.java : 159] ==> Parameters: 72(Long)
2019-10-24 12:12:41,151 [DEBUG] [http-nio-8080-exec-7] io.renren.modules.sys.dao.SysMenuDao.queryListParentId [BaseJdbcLogger.java : 159] <==      Total: 3
2019-10-24 12:12:45,216 [DEBUG] [http-nio-8080-exec-10] io.renren.modules.sys.dao.SysMenuDao.selectList [BaseJdbcLogger.java : 159] ==>  Preparing: SELECT menu_id AS menuId,parent_id AS parentId,`name`,url,perms,`type`,icon,order_num AS orderNum FROM sys_menu 
2019-10-24 12:12:45,217 [DEBUG] [http-nio-8080-exec-10] io.renren.modules.sys.dao.SysMenuDao.selectList [BaseJdbcLogger.java : 159] ==> Parameters: 
2019-10-24 12:12:45,224 [DEBUG] [http-nio-8080-exec-10] io.renren.modules.sys.dao.SysMenuDao.selectList [BaseJdbcLogger.java : 159] <==      Total: 48
2019-10-24 12:12:45,227 [DEBUG] [http-nio-8080-exec-10] io.renren.modules.sys.dao.SysMenuDao.selectList [BaseJdbcLogger.java : 159] ==>  Preparing: SELECT menu_id AS menuId,parent_id AS parentId,`name`,url,perms,`type`,icon,order_num AS orderNum FROM sys_menu 
2019-10-24 12:12:45,227 [DEBUG] [http-nio-8080-exec-10] io.renren.modules.sys.dao.SysMenuDao.selectList [BaseJdbcLogger.java : 159] ==> Parameters: 
2019-10-24 12:12:45,232 [DEBUG] [http-nio-8080-exec-10] io.renren.modules.sys.dao.SysMenuDao.selectList [BaseJdbcLogger.java : 159] <==      Total: 48
2019-10-24 12:12:45,234 [DEBUG] [http-nio-8080-exec-10] io.renren.modules.sys.dao.SysMenuDao.selectList [BaseJdbcLogger.java : 159] ==>  Preparing: SELECT menu_id AS menuId,parent_id AS parentId,`name`,url,perms,`type`,icon,order_num AS orderNum FROM sys_menu 
2019-10-24 12:12:45,234 [DEBUG] [http-nio-8080-exec-10] io.renren.modules.sys.dao.SysMenuDao.selectList [BaseJdbcLogger.java : 159] ==> Parameters: 
2019-10-24 12:12:45,238 [DEBUG] [http-nio-8080-exec-10] io.renren.modules.sys.dao.SysMenuDao.selectList [BaseJdbcLogger.java : 159] <==      Total: 48
2019-10-24 12:12:45,341 [DEBUG] [http-nio-8080-exec-12] io.renren.modules.sys.dao.SysMenuDao.selectList [BaseJdbcLogger.java : 159] ==>  Preparing: SELECT menu_id AS menuId,parent_id AS parentId,`name`,url,perms,`type`,icon,order_num AS orderNum FROM sys_menu 
2019-10-24 12:12:45,341 [DEBUG] [http-nio-8080-exec-12] io.renren.modules.sys.dao.SysMenuDao.selectList [BaseJdbcLogger.java : 159] ==> Parameters: 
2019-10-24 12:12:45,346 [DEBUG] [http-nio-8080-exec-12] io.renren.modules.sys.dao.SysMenuDao.selectList [BaseJdbcLogger.java : 159] <==      Total: 48
2019-10-24 12:12:45,354 [DEBUG] [http-nio-8080-exec-12] io.renren.modules.sys.dao.SysMenuDao.selectList [BaseJdbcLogger.java : 159] ==>  Preparing: SELECT menu_id AS menuId,parent_id AS parentId,`name`,url,perms,`type`,icon,order_num AS orderNum FROM sys_menu 
2019-10-24 12:12:45,355 [DEBUG] [http-nio-8080-exec-12] io.renren.modules.sys.dao.SysMenuDao.selectList [BaseJdbcLogger.java : 159] ==> Parameters: 
2019-10-24 12:12:45,359 [DEBUG] [http-nio-8080-exec-12] io.renren.modules.sys.dao.SysMenuDao.selectList [BaseJdbcLogger.java : 159] <==      Total: 48
2019-10-24 12:12:45,376 [DEBUG] [http-nio-8080-exec-12] io.renren.modules.sys.dao.SysDictDao.showtype [BaseJdbcLogger.java : 159] ==>  Preparing: SELECT id,CODE,VALUE FROM sys_dict WHERE TYPE = ? ORDER BY CODE asc 
2019-10-24 12:12:45,377 [DEBUG] [http-nio-8080-exec-12] io.renren.modules.sys.dao.SysDictDao.showtype [BaseJdbcLogger.java : 159] ==> Parameters: zaizhi(String)
2019-10-24 12:12:45,379 [DEBUG] [http-nio-8080-exec-12] io.renren.modules.sys.dao.SysDictDao.showtype [BaseJdbcLogger.java : 159] <==      Total: 2
2019-10-24 12:12:45,389 [DEBUG] [http-nio-8080-exec-13] io.renren.modules.sys.dao.SysMenuDao.selectList [BaseJdbcLogger.java : 159] ==>  Preparing: SELECT menu_id AS menuId,parent_id AS parentId,`name`,url,perms,`type`,icon,order_num AS orderNum FROM sys_menu 
2019-10-24 12:12:45,390 [DEBUG] [http-nio-8080-exec-13] io.renren.modules.sys.dao.SysMenuDao.selectList [BaseJdbcLogger.java : 159] ==> Parameters: 
2019-10-24 12:12:45,394 [DEBUG] [http-nio-8080-exec-13] io.renren.modules.sys.dao.SysMenuDao.selectList [BaseJdbcLogger.java : 159] <==      Total: 48
2019-10-24 12:12:45,395 [DEBUG] [http-nio-8080-exec-14] io.renren.modules.sys.dao.SysMenuDao.selectList [BaseJdbcLogger.java : 159] ==>  Preparing: SELECT menu_id AS menuId,parent_id AS parentId,`name`,url,perms,`type`,icon,order_num AS orderNum FROM sys_menu 
2019-10-24 12:12:45,396 [DEBUG] [http-nio-8080-exec-14] io.renren.modules.sys.dao.SysMenuDao.selectList [BaseJdbcLogger.java : 159] ==> Parameters: 
2019-10-24 12:12:45,400 [DEBUG] [http-nio-8080-exec-13] io.renren.modules.sys.dao.SysMenuDao.selectList [BaseJdbcLogger.java : 159] ==>  Preparing: SELECT menu_id AS menuId,parent_id AS parentId,`name`,url,perms,`type`,icon,order_num AS orderNum FROM sys_menu 
2019-10-24 12:12:45,401 [DEBUG] [http-nio-8080-exec-14] io.renren.modules.sys.dao.SysMenuDao.selectList [BaseJdbcLogger.java : 159] <==      Total: 48
2019-10-24 12:12:45,401 [DEBUG] [http-nio-8080-exec-13] io.renren.modules.sys.dao.SysMenuDao.selectList [BaseJdbcLogger.java : 159] ==> Parameters: 
2019-10-24 12:12:45,405 [DEBUG] [http-nio-8080-exec-14] io.renren.modules.sys.dao.SysMenuDao.selectList [BaseJdbcLogger.java : 159] ==>  Preparing: SELECT menu_id AS menuId,parent_id AS parentId,`name`,url,perms,`type`,icon,order_num AS orderNum FROM sys_menu 
2019-10-24 12:12:45,406 [DEBUG] [http-nio-8080-exec-14] io.renren.modules.sys.dao.SysMenuDao.selectList [BaseJdbcLogger.java : 159] ==> Parameters: 
2019-10-24 12:12:45,408 [DEBUG] [http-nio-8080-exec-13] io.renren.modules.sys.dao.SysMenuDao.selectList [BaseJdbcLogger.java : 159] <==      Total: 48
2019-10-24 12:12:45,412 [DEBUG] [http-nio-8080-exec-14] io.renren.modules.sys.dao.SysMenuDao.selectList [BaseJdbcLogger.java : 159] <==      Total: 48
2019-10-24 12:12:45,416 [DEBUG] [http-nio-8080-exec-14] io.renren.modules.sys.dao.SysDictDao.showtype [BaseJdbcLogger.java : 159] ==>  Preparing: SELECT id,CODE,VALUE FROM sys_dict WHERE TYPE = ? ORDER BY CODE asc 
2019-10-24 12:12:45,417 [DEBUG] [http-nio-8080-exec-14] io.renren.modules.sys.dao.SysDictDao.showtype [BaseJdbcLogger.java : 159] ==> Parameters: zaizhi(String)
2019-10-24 12:12:45,418 [DEBUG] [http-nio-8080-exec-14] io.renren.modules.sys.dao.SysDictDao.showtype [BaseJdbcLogger.java : 159] <==      Total: 2
2019-10-24 12:12:45,469 [DEBUG] [http-nio-8080-exec-13] io.renren.modules.sys.dao.SysDeptDao.selectList [BaseJdbcLogger.java : 159] ==>  Preparing: SELECT dept_id AS deptId,parent_id AS parentId,`name`,order_num AS orderNum,del_flag AS delFlag FROM sys_dept WHERE del_flag=0 ORDER BY order_num 
2019-10-24 12:12:45,469 [DEBUG] [http-nio-8080-exec-13] io.renren.modules.sys.dao.SysDeptDao.selectList [BaseJdbcLogger.java : 159] ==> Parameters: 
2019-10-24 12:12:45,472 [DEBUG] [http-nio-8080-exec-13] io.renren.modules.sys.dao.SysDeptDao.selectList [BaseJdbcLogger.java : 159] <==      Total: 1
2019-10-24 12:12:45,473 [DEBUG] [http-nio-8080-exec-13] io.renren.modules.sys.dao.SysDeptDao.selectById [BaseJdbcLogger.java : 159] ==>  Preparing: SELECT dept_id AS deptId,parent_id AS parentId,`name`,order_num AS orderNum,del_flag AS delFlag FROM sys_dept WHERE dept_id=? AND del_flag=0 
2019-10-24 12:12:45,473 [DEBUG] [http-nio-8080-exec-13] io.renren.modules.sys.dao.SysDeptDao.selectById [BaseJdbcLogger.java : 159] ==> Parameters: 0(Long)
2019-10-24 12:12:45,474 [DEBUG] [http-nio-8080-exec-13] io.renren.modules.sys.dao.SysDeptDao.selectById [BaseJdbcLogger.java : 159] <==      Total: 0
2019-10-24 12:12:45,518 [DEBUG] [http-nio-8080-exec-15] io.renren.modules.sys.dao.SysMenuDao.selectList [BaseJdbcLogger.java : 159] ==>  Preparing: SELECT menu_id AS menuId,parent_id AS parentId,`name`,url,perms,`type`,icon,order_num AS orderNum FROM sys_menu 
2019-10-24 12:12:45,519 [DEBUG] [http-nio-8080-exec-15] io.renren.modules.sys.dao.SysMenuDao.selectList [BaseJdbcLogger.java : 159] ==> Parameters: 
2019-10-24 12:12:45,522 [DEBUG] [http-nio-8080-exec-15] io.renren.modules.sys.dao.SysMenuDao.selectList [BaseJdbcLogger.java : 159] <==      Total: 48
2019-10-24 12:12:45,529 [DEBUG] [http-nio-8080-exec-15] io.renren.modules.sys.dao.SysMenuDao.selectList [BaseJdbcLogger.java : 159] ==>  Preparing: SELECT menu_id AS menuId,parent_id AS parentId,`name`,url,perms,`type`,icon,order_num AS orderNum FROM sys_menu 
2019-10-24 12:12:45,529 [DEBUG] [http-nio-8080-exec-15] io.renren.modules.sys.dao.SysMenuDao.selectList [BaseJdbcLogger.java : 159] ==> Parameters: 
2019-10-24 12:12:45,532 [DEBUG] [http-nio-8080-exec-15] io.renren.modules.sys.dao.SysMenuDao.selectList [BaseJdbcLogger.java : 159] <==      Total: 48
2019-10-24 12:12:45,602 [DEBUG] [http-nio-8080-exec-15] io.renren.modules.sys.dao.DaUserDao.selectPage [BaseJdbcLogger.java : 159] ==>  Preparing: SELECT COUNT(1) FROM da_user WHERE (delflag = ?) 
2019-10-24 12:12:45,603 [DEBUG] [http-nio-8080-exec-15] io.renren.modules.sys.dao.DaUserDao.selectPage [BaseJdbcLogger.java : 159] ==> Parameters: 0(String)
2019-10-24 12:12:45,610 [DEBUG] [http-nio-8080-exec-15] io.renren.modules.sys.dao.DaUserDao.selectPage [BaseJdbcLogger.java : 159] ==>  Preparing: SELECT id AS id,dept_id AS deptId,`name`,sex,worknumber,idnumber,policetype,mobile,birthday,`password`,`status`,cretime,creator,delflag,deltime,points,`level` FROM da_user WHERE (delflag = ?) ORDER BY name DESC LIMIT 0,10 
2019-10-24 12:12:45,611 [DEBUG] [http-nio-8080-exec-15] io.renren.modules.sys.dao.DaUserDao.selectPage [BaseJdbcLogger.java : 159] ==> Parameters: 0(String)
2019-10-24 12:12:45,613 [DEBUG] [http-nio-8080-exec-15] io.renren.modules.sys.dao.DaUserDao.selectPage [BaseJdbcLogger.java : 159] <==      Total: 1
2019-10-24 12:12:45,625 [DEBUG] [http-nio-8080-exec-16] io.renren.modules.sys.dao.SysMenuDao.selectList [BaseJdbcLogger.java : 159] ==>  Preparing: SELECT menu_id AS menuId,parent_id AS parentId,`name`,url,perms,`type`,icon,order_num AS orderNum FROM sys_menu 
2019-10-24 12:12:45,626 [DEBUG] [http-nio-8080-exec-16] io.renren.modules.sys.dao.SysMenuDao.selectList [BaseJdbcLogger.java : 159] ==> Parameters: 
2019-10-24 12:12:45,628 [DEBUG] [http-nio-8080-exec-16] io.renren.modules.sys.dao.SysMenuDao.selectList [BaseJdbcLogger.java : 159] <==      Total: 48
2019-10-24 12:12:45,629 [DEBUG] [http-nio-8080-exec-16] io.renren.modules.sys.dao.SysMenuDao.selectList [BaseJdbcLogger.java : 159] ==>  Preparing: SELECT menu_id AS menuId,parent_id AS parentId,`name`,url,perms,`type`,icon,order_num AS orderNum FROM sys_menu 
2019-10-24 12:12:45,630 [DEBUG] [http-nio-8080-exec-16] io.renren.modules.sys.dao.SysMenuDao.selectList [BaseJdbcLogger.java : 159] ==> Parameters: 
2019-10-24 12:12:45,632 [DEBUG] [http-nio-8080-exec-16] io.renren.modules.sys.dao.SysMenuDao.selectList [BaseJdbcLogger.java : 159] <==      Total: 48
2019-10-24 12:12:45,633 [DEBUG] [http-nio-8080-exec-16] io.renren.modules.sys.dao.SysDictDao.showtype [BaseJdbcLogger.java : 159] ==>  Preparing: SELECT id,CODE,VALUE FROM sys_dict WHERE TYPE = ? ORDER BY CODE asc 
2019-10-24 12:12:45,634 [DEBUG] [http-nio-8080-exec-16] io.renren.modules.sys.dao.SysDictDao.showtype [BaseJdbcLogger.java : 159] ==> Parameters: sex(String)
2019-10-24 12:12:45,635 [DEBUG] [http-nio-8080-exec-16] io.renren.modules.sys.dao.SysDictDao.showtype [BaseJdbcLogger.java : 159] <==      Total: 2
2019-10-24 12:12:45,644 [DEBUG] [http-nio-8080-exec-17] io.renren.modules.sys.dao.SysMenuDao.selectList [BaseJdbcLogger.java : 159] ==>  Preparing: SELECT menu_id AS menuId,parent_id AS parentId,`name`,url,perms,`type`,icon,order_num AS orderNum FROM sys_menu 
2019-10-24 12:12:45,645 [DEBUG] [http-nio-8080-exec-17] io.renren.modules.sys.dao.SysMenuDao.selectList [BaseJdbcLogger.java : 159] ==> Parameters: 
2019-10-24 12:12:45,648 [DEBUG] [http-nio-8080-exec-17] io.renren.modules.sys.dao.SysMenuDao.selectList [BaseJdbcLogger.java : 159] <==      Total: 48
2019-10-24 12:12:45,649 [DEBUG] [http-nio-8080-exec-17] io.renren.modules.sys.dao.SysMenuDao.selectList [BaseJdbcLogger.java : 159] ==>  Preparing: SELECT menu_id AS menuId,parent_id AS parentId,`name`,url,perms,`type`,icon,order_num AS orderNum FROM sys_menu 
2019-10-24 12:12:45,650 [DEBUG] [http-nio-8080-exec-17] io.renren.modules.sys.dao.SysMenuDao.selectList [BaseJdbcLogger.java : 159] ==> Parameters: 
2019-10-24 12:12:45,651 [DEBUG] [http-nio-8080-exec-17] io.renren.modules.sys.dao.SysMenuDao.selectList [BaseJdbcLogger.java : 159] <==      Total: 48
2019-10-24 12:12:45,653 [DEBUG] [http-nio-8080-exec-17] io.renren.modules.sys.dao.SysDictDao.showtype [BaseJdbcLogger.java : 159] ==>  Preparing: SELECT id,CODE,VALUE FROM sys_dict WHERE TYPE = ? ORDER BY CODE asc 
2019-10-24 12:12:45,653 [DEBUG] [http-nio-8080-exec-17] io.renren.modules.sys.dao.SysDictDao.showtype [BaseJdbcLogger.java : 159] ==> Parameters: zaizhi(String)
2019-10-24 12:12:45,654 [DEBUG] [http-nio-8080-exec-17] io.renren.modules.sys.dao.SysDictDao.showtype [BaseJdbcLogger.java : 159] <==      Total: 2
2019-10-24 12:13:37,521 [INFO] [main] o.s.data.repository.config.RepositoryConfigurationDelegate [RepositoryConfigurationDelegate.java : 163] Multiple Spring Data modules found, entering strict repository configuration mode!
2019-10-24 12:13:38,719 [INFO] [main] com.alibaba.druid.pool.DruidDataSource [DruidDataSource.java : 930] {dataSource-1} inited
2019-10-24 12:13:41,779 [INFO] [main] org.apache.catalina.core.StandardService [DirectJDKLog.java : 180] Starting service [Tomcat]
2019-10-24 12:13:41,780 [INFO] [main] org.apache.catalina.core.StandardEngine [DirectJDKLog.java : 180] Starting Servlet Engine: Apache Tomcat/8.5.31
2019-10-24 12:13:41,797 [INFO] [localhost-startStop-1] org.apache.catalina.core.AprLifecycleListener [DirectJDKLog.java : 180] The APR based Apache Tomcat Native library which allows optimal performance in production environments was not found on the java.library.path: [C:\java\jre1.8.0_172\bin;C:\WINDOWS\Sun\Java\bin;C:\WINDOWS\system32;C:\WINDOWS;C:/java/jdk1.8.0_172/bin/../jre/bin/server;C:/java/jdk1.8.0_172/bin/../jre/bin;C:/java/jdk1.8.0_172/bin/../jre/lib/amd64;C:\Program Files (x86)\Common Files\NetSarang;C:\java\jdk1.8.0_172\bin;C:\java\jdk1.8.0_172\jre\bin;C:\Program Files (x86)\Common Files\Oracle\Java\javapath;c:\Oracle\product\10.1.0\Client_1\bin;c:\Oracle\product\10.1.0\Client_1\jre\1.4.2\bin\client;c:\Oracle\product\10.1.0\Client_1\jre\1.4.2\bin;C:\Program Files (x86)\Intel\Intel(R) Management Engine Components\iCLS\;C:\Program Files\Intel\Intel(R) Management Engine Components\iCLS\;C:\WINDOWS\system32;C:\WINDOWS;C:\WINDOWS\System32\Wbem;C:\WINDOWS\System32\WindowsPowerShell\v1.0\;C:\WINDOWS\System32\OpenSSH\;C:\Program Files (x86)\Intel\Intel(R) Management Engine Components\DAL;C:\Program Files\Intel\Intel(R) Management Engine Components\DAL;C:\Program Files (x86)\Git\cmd;C:\Program Files (x86)\GitExtensions\;C:\Program Files\TortoiseGit\bin;C:\Program Files\TortoiseSVN\bin;C:\Program Files\dotnet\;d:\ue\UltraCompare;D:\dbs\mysql-5.7.20-winx64\bin;D:\container\apache-maven-3.5.4\bin;C:\Program Files\Intel\WiFi\bin\;C:\Program Files\Common Files\Intel\WirelessCommon\;C:\Program Files\WinRAR\;C:\Users\Thinkpad\AppData\Local\Microsoft\WindowsApps;;d:\VSCode\bin;C:\Users\Thinkpad\.dotnet\tools;%USERPROFILE%\AppData\Local\Microsoft\WindowsApps;D:\eclipse\eclipse-4.5.2;;.]
2019-10-24 12:13:41,985 [INFO] [localhost-startStop-1] o.a.catalina.core.ContainerBase.[Tomcat].[localhost].[/demo] [DirectJDKLog.java : 180] Initializing Spring embedded WebApplicationContext
2019-10-24 12:13:42,773 [INFO] [main] org.quartz.impl.StdSchedulerFactory [StdSchedulerFactory.java : 1208] Using default implementation for ThreadExecutor
2019-10-24 12:13:42,804 [INFO] [main] org.quartz.core.SchedulerSignalerImpl [SchedulerSignalerImpl.java : 61] Initialized Scheduler Signaller of type: class org.quartz.core.SchedulerSignalerImpl
2019-10-24 12:13:42,806 [INFO] [main] org.quartz.core.QuartzScheduler [QuartzScheduler.java : 229] Quartz Scheduler v.2.3.0 created.
2019-10-24 12:13:42,816 [INFO] [main] o.springframework.scheduling.quartz.LocalDataSourceJobStore [JobStoreSupport.java : 672] Using db table-based data access locking (synchronization).
2019-10-24 12:13:42,820 [INFO] [main] o.springframework.scheduling.quartz.LocalDataSourceJobStore [JobStoreCMT.java : 145] JobStoreCMT initialized.
2019-10-24 12:13:42,822 [INFO] [main] org.quartz.core.QuartzScheduler [QuartzScheduler.java : 294] Scheduler meta-data: Quartz Scheduler (v2.3.0) 'RenrenScheduler' with instanceId 'WANGJH2501571890422776'
  Scheduler class: 'org.quartz.core.QuartzScheduler' - running locally.
  NOT STARTED.
  Currently in standby mode.
  Number of jobs executed: 0
  Using thread pool 'org.quartz.simpl.SimpleThreadPool' - with 20 threads.
  Using job-store 'org.springframework.scheduling.quartz.LocalDataSourceJobStore' - which supports persistence. and is clustered.

2019-10-24 12:13:42,823 [INFO] [main] org.quartz.impl.StdSchedulerFactory [StdSchedulerFactory.java : 1362] Quartz scheduler 'RenrenScheduler' initialized from an externally provided properties instance.
2019-10-24 12:13:42,823 [INFO] [main] org.quartz.impl.StdSchedulerFactory [StdSchedulerFactory.java : 1366] Quartz scheduler version: 2.3.0
2019-10-24 12:13:42,825 [INFO] [main] org.quartz.core.QuartzScheduler [QuartzScheduler.java : 2287] JobFactory set to: org.springframework.scheduling.quartz.AdaptableJobFactory@b2da3a5
2019-10-24 12:13:42,911 [DEBUG] [main] io.renren.modules.job.dao.ScheduleJobDao.selectList [BaseJdbcLogger.java : 159] ==>  Preparing: SELECT job_id AS jobId,bean_name AS beanName,method_name AS methodName,params,cron_expression AS cronExpression,`status`,remark,create_time AS createTime FROM schedule_job 
2019-10-24 12:13:42,944 [DEBUG] [main] io.renren.modules.job.dao.ScheduleJobDao.selectList [BaseJdbcLogger.java : 159] ==> Parameters: 
2019-10-24 12:13:42,963 [DEBUG] [main] io.renren.modules.job.dao.ScheduleJobDao.selectList [BaseJdbcLogger.java : 159] <==      Total: 0
2019-10-24 12:13:46,398 [INFO] [main] s.d.spring.web.plugins.DocumentationPluginsBootstrapper [DocumentationPluginsBootstrapper.java : 147] Context refreshed
2019-10-24 12:13:46,419 [INFO] [main] s.d.spring.web.plugins.DocumentationPluginsBootstrapper [DocumentationPluginsBootstrapper.java : 150] Found 1 custom documentation plugin(s)
2019-10-24 12:13:46,472 [INFO] [main] s.d.spring.web.scanners.ApiListingReferenceScanner [ApiListingReferenceScanner.java : 41] Scanning for api listing references
2019-10-24 12:14:13,362 [INFO] [http-nio-8080-exec-1] org.apache.tomcat.util.http.parser.Cookie [DirectJDKLog.java : 180] A cookie header was received [:0.6522615181524607:sdgscustomerid=1; __session:0.6522615181524607:sdgsheadurl=0.png; __session:0.6522615181524607:sdgsname=张三] that contained an invalid cookie. That cookie will be ignored.Note: further occurrences of this error will be logged at DEBUG level.
2019-10-24 12:14:13,371 [INFO] [http-nio-8080-exec-1] o.a.catalina.core.ContainerBase.[Tomcat].[localhost].[/demo] [DirectJDKLog.java : 180] Initializing Spring FrameworkServlet 'dispatcherServlet'
2019-10-24 12:14:13,434 [INFO] [http-nio-8080-exec-1] o.apache.shiro.session.mgt.AbstractValidatingSessionManager [AbstractValidatingSessionManager.java : 233] Enabling session validation scheduler...
2019-10-24 12:14:15,092 [DEBUG] [http-nio-8080-exec-3] io.renren.modules.sys.dao.SysUserDao.getValid [BaseJdbcLogger.java : 159] ==>  Preparing: SELECT CASE WHEN DATE_FORMAT(NOW(), '%Y-%m-%d') > DATE_FORMAT(t.value, '%Y-%m-%d') THEN 0 ELSE 1 END AS valid FROM sys_dict t WHERE TYPE = 'invaliddate' 
2019-10-24 12:14:15,093 [DEBUG] [http-nio-8080-exec-3] io.renren.modules.sys.dao.SysUserDao.getValid [BaseJdbcLogger.java : 159] ==> Parameters: 
2019-10-24 12:14:15,096 [DEBUG] [http-nio-8080-exec-3] io.renren.modules.sys.dao.SysUserDao.getValid [BaseJdbcLogger.java : 159] <==      Total: 1
2019-10-24 12:14:15,106 [DEBUG] [http-nio-8080-exec-3] io.renren.modules.sys.dao.SysUserDao.selectOne [BaseJdbcLogger.java : 159] ==>  Preparing: SELECT user_id AS userId,username,`password`,operatorname,salt,email,mobile,`status`,create_time AS createTime,dept_id AS deptId,dept_name AS deptName FROM sys_user WHERE username=? 
2019-10-24 12:14:15,108 [DEBUG] [http-nio-8080-exec-3] io.renren.modules.sys.dao.SysUserDao.selectOne [BaseJdbcLogger.java : 159] ==> Parameters: admin(String)
2019-10-24 12:14:15,111 [DEBUG] [http-nio-8080-exec-3] io.renren.modules.sys.dao.SysUserDao.selectOne [BaseJdbcLogger.java : 159] <==      Total: 1
2019-10-24 12:14:15,269 [DEBUG] [http-nio-8080-exec-8] io.renren.modules.sys.dao.SysMenuDao.queryListParentId [BaseJdbcLogger.java : 159] ==>  Preparing: select * from sys_menu where parent_id = ? order by order_num asc 
2019-10-24 12:14:15,276 [DEBUG] [http-nio-8080-exec-8] io.renren.modules.sys.dao.SysMenuDao.queryListParentId [BaseJdbcLogger.java : 159] ==> Parameters: 0(Long)
2019-10-24 12:14:15,280 [DEBUG] [http-nio-8080-exec-8] io.renren.modules.sys.dao.SysMenuDao.queryListParentId [BaseJdbcLogger.java : 159] <==      Total: 2
2019-10-24 12:14:15,282 [DEBUG] [http-nio-8080-exec-8] io.renren.modules.sys.dao.SysMenuDao.queryListParentId [BaseJdbcLogger.java : 159] ==>  Preparing: select * from sys_menu where parent_id = ? order by order_num asc 
2019-10-24 12:14:15,283 [DEBUG] [http-nio-8080-exec-8] io.renren.modules.sys.dao.SysMenuDao.queryListParentId [BaseJdbcLogger.java : 159] ==> Parameters: 1(Long)
2019-10-24 12:14:15,289 [DEBUG] [http-nio-8080-exec-8] io.renren.modules.sys.dao.SysMenuDao.queryListParentId [BaseJdbcLogger.java : 159] <==      Total: 10
2019-10-24 12:14:15,290 [DEBUG] [http-nio-8080-exec-8] io.renren.modules.sys.dao.SysMenuDao.queryListParentId [BaseJdbcLogger.java : 159] ==>  Preparing: select * from sys_menu where parent_id = ? order by order_num asc 
2019-10-24 12:14:15,292 [DEBUG] [http-nio-8080-exec-8] io.renren.modules.sys.dao.SysMenuDao.queryListParentId [BaseJdbcLogger.java : 159] ==> Parameters: 72(Long)
2019-10-24 12:14:15,295 [DEBUG] [http-nio-8080-exec-8] io.renren.modules.sys.dao.SysMenuDao.queryListParentId [BaseJdbcLogger.java : 159] <==      Total: 3
2019-10-24 12:14:16,928 [DEBUG] [http-nio-8080-exec-6] io.renren.modules.sys.dao.SysMenuDao.selectList [BaseJdbcLogger.java : 159] ==>  Preparing: SELECT menu_id AS menuId,parent_id AS parentId,`name`,url,perms,`type`,icon,order_num AS orderNum FROM sys_menu 
2019-10-24 12:14:16,929 [DEBUG] [http-nio-8080-exec-6] io.renren.modules.sys.dao.SysMenuDao.selectList [BaseJdbcLogger.java : 159] ==> Parameters: 
2019-10-24 12:14:16,939 [DEBUG] [http-nio-8080-exec-6] io.renren.modules.sys.dao.SysMenuDao.selectList [BaseJdbcLogger.java : 159] <==      Total: 48
2019-10-24 12:14:16,944 [DEBUG] [http-nio-8080-exec-6] io.renren.modules.sys.dao.SysMenuDao.selectList [BaseJdbcLogger.java : 159] ==>  Preparing: SELECT menu_id AS menuId,parent_id AS parentId,`name`,url,perms,`type`,icon,order_num AS orderNum FROM sys_menu 
2019-10-24 12:14:16,945 [DEBUG] [http-nio-8080-exec-6] io.renren.modules.sys.dao.SysMenuDao.selectList [BaseJdbcLogger.java : 159] ==> Parameters: 
2019-10-24 12:14:16,950 [DEBUG] [http-nio-8080-exec-6] io.renren.modules.sys.dao.SysMenuDao.selectList [BaseJdbcLogger.java : 159] <==      Total: 48
2019-10-24 12:14:16,952 [DEBUG] [http-nio-8080-exec-6] io.renren.modules.sys.dao.SysMenuDao.selectList [BaseJdbcLogger.java : 159] ==>  Preparing: SELECT menu_id AS menuId,parent_id AS parentId,`name`,url,perms,`type`,icon,order_num AS orderNum FROM sys_menu 
2019-10-24 12:14:16,953 [DEBUG] [http-nio-8080-exec-6] io.renren.modules.sys.dao.SysMenuDao.selectList [BaseJdbcLogger.java : 159] ==> Parameters: 
2019-10-24 12:14:16,958 [DEBUG] [http-nio-8080-exec-6] io.renren.modules.sys.dao.SysMenuDao.selectList [BaseJdbcLogger.java : 159] <==      Total: 48
2019-10-24 12:14:17,046 [DEBUG] [http-nio-8080-exec-9] io.renren.modules.sys.dao.SysMenuDao.selectList [BaseJdbcLogger.java : 159] ==>  Preparing: SELECT menu_id AS menuId,parent_id AS parentId,`name`,url,perms,`type`,icon,order_num AS orderNum FROM sys_menu 
2019-10-24 12:14:17,047 [DEBUG] [http-nio-8080-exec-9] io.renren.modules.sys.dao.SysMenuDao.selectList [BaseJdbcLogger.java : 159] ==> Parameters: 
2019-10-24 12:14:17,051 [DEBUG] [http-nio-8080-exec-9] io.renren.modules.sys.dao.SysMenuDao.selectList [BaseJdbcLogger.java : 159] <==      Total: 48
2019-10-24 12:14:17,058 [DEBUG] [http-nio-8080-exec-9] io.renren.modules.sys.dao.SysMenuDao.selectList [BaseJdbcLogger.java : 159] ==>  Preparing: SELECT menu_id AS menuId,parent_id AS parentId,`name`,url,perms,`type`,icon,order_num AS orderNum FROM sys_menu 
2019-10-24 12:14:17,059 [DEBUG] [http-nio-8080-exec-9] io.renren.modules.sys.dao.SysMenuDao.selectList [BaseJdbcLogger.java : 159] ==> Parameters: 
2019-10-24 12:14:17,064 [DEBUG] [http-nio-8080-exec-9] io.renren.modules.sys.dao.SysMenuDao.selectList [BaseJdbcLogger.java : 159] <==      Total: 48
2019-10-24 12:14:17,086 [DEBUG] [http-nio-8080-exec-9] io.renren.modules.sys.dao.SysDictDao.showtype [BaseJdbcLogger.java : 159] ==>  Preparing: SELECT id,CODE,VALUE FROM sys_dict WHERE TYPE = ? ORDER BY CODE asc 
2019-10-24 12:14:17,087 [DEBUG] [http-nio-8080-exec-9] io.renren.modules.sys.dao.SysDictDao.showtype [BaseJdbcLogger.java : 159] ==> Parameters: zaizhi(String)
2019-10-24 12:14:17,089 [DEBUG] [http-nio-8080-exec-9] io.renren.modules.sys.dao.SysDictDao.showtype [BaseJdbcLogger.java : 159] <==      Total: 2
2019-10-24 12:14:17,101 [DEBUG] [http-nio-8080-exec-14] io.renren.modules.sys.dao.SysMenuDao.selectList [BaseJdbcLogger.java : 159] ==>  Preparing: SELECT menu_id AS menuId,parent_id AS parentId,`name`,url,perms,`type`,icon,order_num AS orderNum FROM sys_menu 
2019-10-24 12:14:17,102 [DEBUG] [http-nio-8080-exec-14] io.renren.modules.sys.dao.SysMenuDao.selectList [BaseJdbcLogger.java : 159] ==> Parameters: 
2019-10-24 12:14:17,107 [DEBUG] [http-nio-8080-exec-14] io.renren.modules.sys.dao.SysMenuDao.selectList [BaseJdbcLogger.java : 159] <==      Total: 48
2019-10-24 12:14:17,109 [DEBUG] [http-nio-8080-exec-15] io.renren.modules.sys.dao.SysMenuDao.selectList [BaseJdbcLogger.java : 159] ==>  Preparing: SELECT menu_id AS menuId,parent_id AS parentId,`name`,url,perms,`type`,icon,order_num AS orderNum FROM sys_menu 
2019-10-24 12:14:17,109 [DEBUG] [http-nio-8080-exec-15] io.renren.modules.sys.dao.SysMenuDao.selectList [BaseJdbcLogger.java : 159] ==> Parameters: 
2019-10-24 12:14:17,113 [DEBUG] [http-nio-8080-exec-15] io.renren.modules.sys.dao.SysMenuDao.selectList [BaseJdbcLogger.java : 159] <==      Total: 48
2019-10-24 12:14:17,115 [DEBUG] [http-nio-8080-exec-15] io.renren.modules.sys.dao.SysMenuDao.selectList [BaseJdbcLogger.java : 159] ==>  Preparing: SELECT menu_id AS menuId,parent_id AS parentId,`name`,url,perms,`type`,icon,order_num AS orderNum FROM sys_menu 
2019-10-24 12:14:17,116 [DEBUG] [http-nio-8080-exec-15] io.renren.modules.sys.dao.SysMenuDao.selectList [BaseJdbcLogger.java : 159] ==> Parameters: 
2019-10-24 12:14:17,116 [DEBUG] [http-nio-8080-exec-14] io.renren.modules.sys.dao.SysMenuDao.selectList [BaseJdbcLogger.java : 159] ==>  Preparing: SELECT menu_id AS menuId,parent_id AS parentId,`name`,url,perms,`type`,icon,order_num AS orderNum FROM sys_menu 
2019-10-24 12:14:17,119 [DEBUG] [http-nio-8080-exec-14] io.renren.modules.sys.dao.SysMenuDao.selectList [BaseJdbcLogger.java : 159] ==> Parameters: 
2019-10-24 12:14:17,119 [DEBUG] [http-nio-8080-exec-15] io.renren.modules.sys.dao.SysMenuDao.selectList [BaseJdbcLogger.java : 159] <==      Total: 48
2019-10-24 12:14:17,122 [DEBUG] [http-nio-8080-exec-15] io.renren.modules.sys.dao.SysDictDao.showtype [BaseJdbcLogger.java : 159] ==>  Preparing: SELECT id,CODE,VALUE FROM sys_dict WHERE TYPE = ? ORDER BY CODE asc 
2019-10-24 12:14:17,123 [DEBUG] [http-nio-8080-exec-15] io.renren.modules.sys.dao.SysDictDao.showtype [BaseJdbcLogger.java : 159] ==> Parameters: zaizhi(String)
2019-10-24 12:14:17,125 [DEBUG] [http-nio-8080-exec-14] io.renren.modules.sys.dao.SysMenuDao.selectList [BaseJdbcLogger.java : 159] <==      Total: 48
2019-10-24 12:14:17,125 [DEBUG] [http-nio-8080-exec-15] io.renren.modules.sys.dao.SysDictDao.showtype [BaseJdbcLogger.java : 159] <==      Total: 2
2019-10-24 12:14:17,165 [DEBUG] [http-nio-8080-exec-14] io.renren.modules.sys.dao.SysDeptDao.selectList [BaseJdbcLogger.java : 159] ==>  Preparing: SELECT dept_id AS deptId,parent_id AS parentId,`name`,order_num AS orderNum,del_flag AS delFlag FROM sys_dept WHERE del_flag=0 ORDER BY order_num 
2019-10-24 12:14:17,165 [DEBUG] [http-nio-8080-exec-14] io.renren.modules.sys.dao.SysDeptDao.selectList [BaseJdbcLogger.java : 159] ==> Parameters: 
2019-10-24 12:14:17,167 [DEBUG] [http-nio-8080-exec-14] io.renren.modules.sys.dao.SysDeptDao.selectList [BaseJdbcLogger.java : 159] <==      Total: 1
2019-10-24 12:14:17,168 [DEBUG] [http-nio-8080-exec-14] io.renren.modules.sys.dao.SysDeptDao.selectById [BaseJdbcLogger.java : 159] ==>  Preparing: SELECT dept_id AS deptId,parent_id AS parentId,`name`,order_num AS orderNum,del_flag AS delFlag FROM sys_dept WHERE dept_id=? AND del_flag=0 
2019-10-24 12:14:17,169 [DEBUG] [http-nio-8080-exec-14] io.renren.modules.sys.dao.SysDeptDao.selectById [BaseJdbcLogger.java : 159] ==> Parameters: 0(Long)
2019-10-24 12:14:17,169 [DEBUG] [http-nio-8080-exec-14] io.renren.modules.sys.dao.SysDeptDao.selectById [BaseJdbcLogger.java : 159] <==      Total: 0
2019-10-24 12:14:17,206 [DEBUG] [http-nio-8080-exec-11] io.renren.modules.sys.dao.SysMenuDao.selectList [BaseJdbcLogger.java : 159] ==>  Preparing: SELECT menu_id AS menuId,parent_id AS parentId,`name`,url,perms,`type`,icon,order_num AS orderNum FROM sys_menu 
2019-10-24 12:14:17,207 [DEBUG] [http-nio-8080-exec-11] io.renren.modules.sys.dao.SysMenuDao.selectList [BaseJdbcLogger.java : 159] ==> Parameters: 
2019-10-24 12:14:17,209 [DEBUG] [http-nio-8080-exec-11] io.renren.modules.sys.dao.SysMenuDao.selectList [BaseJdbcLogger.java : 159] <==      Total: 48
2019-10-24 12:14:17,216 [DEBUG] [http-nio-8080-exec-11] io.renren.modules.sys.dao.SysMenuDao.selectList [BaseJdbcLogger.java : 159] ==>  Preparing: SELECT menu_id AS menuId,parent_id AS parentId,`name`,url,perms,`type`,icon,order_num AS orderNum FROM sys_menu 
2019-10-24 12:14:17,217 [DEBUG] [http-nio-8080-exec-11] io.renren.modules.sys.dao.SysMenuDao.selectList [BaseJdbcLogger.java : 159] ==> Parameters: 
2019-10-24 12:14:17,219 [DEBUG] [http-nio-8080-exec-11] io.renren.modules.sys.dao.SysMenuDao.selectList [BaseJdbcLogger.java : 159] <==      Total: 48
2019-10-24 12:14:17,286 [DEBUG] [http-nio-8080-exec-11] io.renren.modules.sys.dao.DaUserDao.selectPage [BaseJdbcLogger.java : 159] ==>  Preparing: SELECT COUNT(1) FROM da_user WHERE (delflag = ?) 
2019-10-24 12:14:17,287 [DEBUG] [http-nio-8080-exec-11] io.renren.modules.sys.dao.DaUserDao.selectPage [BaseJdbcLogger.java : 159] ==> Parameters: 0(String)
2019-10-24 12:14:17,292 [DEBUG] [http-nio-8080-exec-11] io.renren.modules.sys.dao.DaUserDao.selectPage [BaseJdbcLogger.java : 159] ==>  Preparing: SELECT id AS id,dept_id AS deptId,`name`,sex,worknumber,idnumber,policetype,mobile,birthday,`password`,`status`,cretime,creator,delflag,deltime,points,`level` FROM da_user WHERE (delflag = ?) ORDER BY name DESC LIMIT 0,10 
2019-10-24 12:14:17,292 [DEBUG] [http-nio-8080-exec-11] io.renren.modules.sys.dao.DaUserDao.selectPage [BaseJdbcLogger.java : 159] ==> Parameters: 0(String)
2019-10-24 12:14:17,294 [DEBUG] [http-nio-8080-exec-11] io.renren.modules.sys.dao.DaUserDao.selectPage [BaseJdbcLogger.java : 159] <==      Total: 1
2019-10-24 12:14:17,307 [DEBUG] [http-nio-8080-exec-18] io.renren.modules.sys.dao.SysMenuDao.selectList [BaseJdbcLogger.java : 159] ==>  Preparing: SELECT menu_id AS menuId,parent_id AS parentId,`name`,url,perms,`type`,icon,order_num AS orderNum FROM sys_menu 
2019-10-24 12:14:17,308 [DEBUG] [http-nio-8080-exec-18] io.renren.modules.sys.dao.SysMenuDao.selectList [BaseJdbcLogger.java : 159] ==> Parameters: 
2019-10-24 12:14:17,310 [DEBUG] [http-nio-8080-exec-18] io.renren.modules.sys.dao.SysMenuDao.selectList [BaseJdbcLogger.java : 159] <==      Total: 48
2019-10-24 12:14:17,311 [DEBUG] [http-nio-8080-exec-18] io.renren.modules.sys.dao.SysMenuDao.selectList [BaseJdbcLogger.java : 159] ==>  Preparing: SELECT menu_id AS menuId,parent_id AS parentId,`name`,url,perms,`type`,icon,order_num AS orderNum FROM sys_menu 
2019-10-24 12:14:17,312 [DEBUG] [http-nio-8080-exec-18] io.renren.modules.sys.dao.SysMenuDao.selectList [BaseJdbcLogger.java : 159] ==> Parameters: 
2019-10-24 12:14:17,315 [DEBUG] [http-nio-8080-exec-18] io.renren.modules.sys.dao.SysMenuDao.selectList [BaseJdbcLogger.java : 159] <==      Total: 48
2019-10-24 12:14:17,316 [DEBUG] [http-nio-8080-exec-18] io.renren.modules.sys.dao.SysDictDao.showtype [BaseJdbcLogger.java : 159] ==>  Preparing: SELECT id,CODE,VALUE FROM sys_dict WHERE TYPE = ? ORDER BY CODE asc 
2019-10-24 12:14:17,317 [DEBUG] [http-nio-8080-exec-18] io.renren.modules.sys.dao.SysDictDao.showtype [BaseJdbcLogger.java : 159] ==> Parameters: sex(String)
2019-10-24 12:14:17,319 [DEBUG] [http-nio-8080-exec-18] io.renren.modules.sys.dao.SysDictDao.showtype [BaseJdbcLogger.java : 159] <==      Total: 2
2019-10-24 12:14:17,328 [DEBUG] [http-nio-8080-exec-19] io.renren.modules.sys.dao.SysMenuDao.selectList [BaseJdbcLogger.java : 159] ==>  Preparing: SELECT menu_id AS menuId,parent_id AS parentId,`name`,url,perms,`type`,icon,order_num AS orderNum FROM sys_menu 
2019-10-24 12:14:17,328 [DEBUG] [http-nio-8080-exec-19] io.renren.modules.sys.dao.SysMenuDao.selectList [BaseJdbcLogger.java : 159] ==> Parameters: 
2019-10-24 12:14:17,331 [DEBUG] [http-nio-8080-exec-19] io.renren.modules.sys.dao.SysMenuDao.selectList [BaseJdbcLogger.java : 159] <==      Total: 48
2019-10-24 12:14:17,332 [DEBUG] [http-nio-8080-exec-19] io.renren.modules.sys.dao.SysMenuDao.selectList [BaseJdbcLogger.java : 159] ==>  Preparing: SELECT menu_id AS menuId,parent_id AS parentId,`name`,url,perms,`type`,icon,order_num AS orderNum FROM sys_menu 
2019-10-24 12:14:17,332 [DEBUG] [http-nio-8080-exec-19] io.renren.modules.sys.dao.SysMenuDao.selectList [BaseJdbcLogger.java : 159] ==> Parameters: 
2019-10-24 12:14:17,334 [DEBUG] [http-nio-8080-exec-19] io.renren.modules.sys.dao.SysMenuDao.selectList [BaseJdbcLogger.java : 159] <==      Total: 48
2019-10-24 12:14:17,336 [DEBUG] [http-nio-8080-exec-19] io.renren.modules.sys.dao.SysDictDao.showtype [BaseJdbcLogger.java : 159] ==>  Preparing: SELECT id,CODE,VALUE FROM sys_dict WHERE TYPE = ? ORDER BY CODE asc 
2019-10-24 12:14:17,336 [DEBUG] [http-nio-8080-exec-19] io.renren.modules.sys.dao.SysDictDao.showtype [BaseJdbcLogger.java : 159] ==> Parameters: zaizhi(String)
2019-10-24 12:14:17,337 [DEBUG] [http-nio-8080-exec-19] io.renren.modules.sys.dao.SysDictDao.showtype [BaseJdbcLogger.java : 159] <==      Total: 2
2019-10-24 12:16:31,261 [INFO] [main] o.s.data.repository.config.RepositoryConfigurationDelegate [RepositoryConfigurationDelegate.java : 163] Multiple Spring Data modules found, entering strict repository configuration mode!
2019-10-24 12:16:32,278 [INFO] [main] com.alibaba.druid.pool.DruidDataSource [DruidDataSource.java : 930] {dataSource-1} inited
2019-10-24 12:16:34,999 [INFO] [main] org.apache.catalina.core.StandardService [DirectJDKLog.java : 180] Starting service [Tomcat]
2019-10-24 12:16:34,999 [INFO] [main] org.apache.catalina.core.StandardEngine [DirectJDKLog.java : 180] Starting Servlet Engine: Apache Tomcat/8.5.31
2019-10-24 12:16:35,010 [INFO] [localhost-startStop-1] org.apache.catalina.core.AprLifecycleListener [DirectJDKLog.java : 180] The APR based Apache Tomcat Native library which allows optimal performance in production environments was not found on the java.library.path: [C:\java\jre1.8.0_172\bin;C:\WINDOWS\Sun\Java\bin;C:\WINDOWS\system32;C:\WINDOWS;C:/java/jdk1.8.0_172/bin/../jre/bin/server;C:/java/jdk1.8.0_172/bin/../jre/bin;C:/java/jdk1.8.0_172/bin/../jre/lib/amd64;C:\Program Files (x86)\Common Files\NetSarang;C:\java\jdk1.8.0_172\bin;C:\java\jdk1.8.0_172\jre\bin;C:\Program Files (x86)\Common Files\Oracle\Java\javapath;c:\Oracle\product\10.1.0\Client_1\bin;c:\Oracle\product\10.1.0\Client_1\jre\1.4.2\bin\client;c:\Oracle\product\10.1.0\Client_1\jre\1.4.2\bin;C:\Program Files (x86)\Intel\Intel(R) Management Engine Components\iCLS\;C:\Program Files\Intel\Intel(R) Management Engine Components\iCLS\;C:\WINDOWS\system32;C:\WINDOWS;C:\WINDOWS\System32\Wbem;C:\WINDOWS\System32\WindowsPowerShell\v1.0\;C:\WINDOWS\System32\OpenSSH\;C:\Program Files (x86)\Intel\Intel(R) Management Engine Components\DAL;C:\Program Files\Intel\Intel(R) Management Engine Components\DAL;C:\Program Files (x86)\Git\cmd;C:\Program Files (x86)\GitExtensions\;C:\Program Files\TortoiseGit\bin;C:\Program Files\TortoiseSVN\bin;C:\Program Files\dotnet\;d:\ue\UltraCompare;D:\dbs\mysql-5.7.20-winx64\bin;D:\container\apache-maven-3.5.4\bin;C:\Program Files\Intel\WiFi\bin\;C:\Program Files\Common Files\Intel\WirelessCommon\;C:\Program Files\WinRAR\;C:\Users\Thinkpad\AppData\Local\Microsoft\WindowsApps;;d:\VSCode\bin;C:\Users\Thinkpad\.dotnet\tools;%USERPROFILE%\AppData\Local\Microsoft\WindowsApps;D:\eclipse\eclipse-4.5.2;;.]
2019-10-24 12:16:35,133 [INFO] [localhost-startStop-1] o.a.catalina.core.ContainerBase.[Tomcat].[localhost].[/demo] [DirectJDKLog.java : 180] Initializing Spring embedded WebApplicationContext
2019-10-24 12:16:35,863 [INFO] [main] org.quartz.impl.StdSchedulerFactory [StdSchedulerFactory.java : 1208] Using default implementation for ThreadExecutor
2019-10-24 12:16:35,878 [INFO] [main] org.quartz.core.SchedulerSignalerImpl [SchedulerSignalerImpl.java : 61] Initialized Scheduler Signaller of type: class org.quartz.core.SchedulerSignalerImpl
2019-10-24 12:16:35,878 [INFO] [main] org.quartz.core.QuartzScheduler [QuartzScheduler.java : 229] Quartz Scheduler v.2.3.0 created.
2019-10-24 12:16:35,882 [INFO] [main] o.springframework.scheduling.quartz.LocalDataSourceJobStore [JobStoreSupport.java : 672] Using db table-based data access locking (synchronization).
2019-10-24 12:16:35,884 [INFO] [main] o.springframework.scheduling.quartz.LocalDataSourceJobStore [JobStoreCMT.java : 145] JobStoreCMT initialized.
2019-10-24 12:16:35,885 [INFO] [main] org.quartz.core.QuartzScheduler [QuartzScheduler.java : 294] Scheduler meta-data: Quartz Scheduler (v2.3.0) 'RenrenScheduler' with instanceId 'WANGJH2501571890595865'
  Scheduler class: 'org.quartz.core.QuartzScheduler' - running locally.
  NOT STARTED.
  Currently in standby mode.
  Number of jobs executed: 0
  Using thread pool 'org.quartz.simpl.SimpleThreadPool' - with 20 threads.
  Using job-store 'org.springframework.scheduling.quartz.LocalDataSourceJobStore' - which supports persistence. and is clustered.

2019-10-24 12:16:35,886 [INFO] [main] org.quartz.impl.StdSchedulerFactory [StdSchedulerFactory.java : 1362] Quartz scheduler 'RenrenScheduler' initialized from an externally provided properties instance.
2019-10-24 12:16:35,886 [INFO] [main] org.quartz.impl.StdSchedulerFactory [StdSchedulerFactory.java : 1366] Quartz scheduler version: 2.3.0
2019-10-24 12:16:35,888 [INFO] [main] org.quartz.core.QuartzScheduler [QuartzScheduler.java : 2287] JobFactory set to: org.springframework.scheduling.quartz.AdaptableJobFactory@45c80312
2019-10-24 12:16:35,949 [DEBUG] [main] io.renren.modules.job.dao.ScheduleJobDao.selectList [BaseJdbcLogger.java : 159] ==>  Preparing: SELECT job_id AS jobId,bean_name AS beanName,method_name AS methodName,params,cron_expression AS cronExpression,`status`,remark,create_time AS createTime FROM schedule_job 
2019-10-24 12:16:35,974 [DEBUG] [main] io.renren.modules.job.dao.ScheduleJobDao.selectList [BaseJdbcLogger.java : 159] ==> Parameters: 
2019-10-24 12:16:35,989 [DEBUG] [main] io.renren.modules.job.dao.ScheduleJobDao.selectList [BaseJdbcLogger.java : 159] <==      Total: 0
2019-10-24 12:16:38,779 [INFO] [main] s.d.spring.web.plugins.DocumentationPluginsBootstrapper [DocumentationPluginsBootstrapper.java : 147] Context refreshed
2019-10-24 12:16:38,799 [INFO] [main] s.d.spring.web.plugins.DocumentationPluginsBootstrapper [DocumentationPluginsBootstrapper.java : 150] Found 1 custom documentation plugin(s)
2019-10-24 12:16:38,843 [INFO] [main] s.d.spring.web.scanners.ApiListingReferenceScanner [ApiListingReferenceScanner.java : 41] Scanning for api listing references
2019-10-24 12:17:05,167 [INFO] [http-nio-8080-exec-1] org.apache.tomcat.util.http.parser.Cookie [DirectJDKLog.java : 180] A cookie header was received [:0.6522615181524607:sdgscustomerid=1; __session:0.6522615181524607:sdgsheadurl=0.png; __session:0.6522615181524607:sdgsname=张三] that contained an invalid cookie. That cookie will be ignored.Note: further occurrences of this error will be logged at DEBUG level.
2019-10-24 12:17:05,176 [INFO] [http-nio-8080-exec-1] o.a.catalina.core.ContainerBase.[Tomcat].[localhost].[/demo] [DirectJDKLog.java : 180] Initializing Spring FrameworkServlet 'dispatcherServlet'
2019-10-24 12:17:05,233 [INFO] [http-nio-8080-exec-1] o.apache.shiro.session.mgt.AbstractValidatingSessionManager [AbstractValidatingSessionManager.java : 233] Enabling session validation scheduler...
2019-10-24 12:17:06,824 [DEBUG] [http-nio-8080-exec-3] io.renren.modules.sys.dao.SysUserDao.getValid [BaseJdbcLogger.java : 159] ==>  Preparing: SELECT CASE WHEN DATE_FORMAT(NOW(), '%Y-%m-%d') > DATE_FORMAT(t.value, '%Y-%m-%d') THEN 0 ELSE 1 END AS valid FROM sys_dict t WHERE TYPE = 'invaliddate' 
2019-10-24 12:17:06,825 [DEBUG] [http-nio-8080-exec-3] io.renren.modules.sys.dao.SysUserDao.getValid [BaseJdbcLogger.java : 159] ==> Parameters: 
2019-10-24 12:17:06,828 [DEBUG] [http-nio-8080-exec-3] io.renren.modules.sys.dao.SysUserDao.getValid [BaseJdbcLogger.java : 159] <==      Total: 1
2019-10-24 12:17:06,835 [DEBUG] [http-nio-8080-exec-3] io.renren.modules.sys.dao.SysUserDao.selectOne [BaseJdbcLogger.java : 159] ==>  Preparing: SELECT user_id AS userId,username,`password`,operatorname,salt,email,mobile,`status`,create_time AS createTime,dept_id AS deptId,dept_name AS deptName FROM sys_user WHERE username=? 
2019-10-24 12:17:06,836 [DEBUG] [http-nio-8080-exec-3] io.renren.modules.sys.dao.SysUserDao.selectOne [BaseJdbcLogger.java : 159] ==> Parameters: admin(String)
2019-10-24 12:17:06,840 [DEBUG] [http-nio-8080-exec-3] io.renren.modules.sys.dao.SysUserDao.selectOne [BaseJdbcLogger.java : 159] <==      Total: 1
2019-10-24 12:17:07,011 [DEBUG] [http-nio-8080-exec-5] io.renren.modules.sys.dao.SysMenuDao.queryListParentId [BaseJdbcLogger.java : 159] ==>  Preparing: select * from sys_menu where parent_id = ? order by order_num asc 
2019-10-24 12:17:07,017 [DEBUG] [http-nio-8080-exec-5] io.renren.modules.sys.dao.SysMenuDao.queryListParentId [BaseJdbcLogger.java : 159] ==> Parameters: 0(Long)
2019-10-24 12:17:07,022 [DEBUG] [http-nio-8080-exec-5] io.renren.modules.sys.dao.SysMenuDao.queryListParentId [BaseJdbcLogger.java : 159] <==      Total: 2
2019-10-24 12:17:07,024 [DEBUG] [http-nio-8080-exec-5] io.renren.modules.sys.dao.SysMenuDao.queryListParentId [BaseJdbcLogger.java : 159] ==>  Preparing: select * from sys_menu where parent_id = ? order by order_num asc 
2019-10-24 12:17:07,025 [DEBUG] [http-nio-8080-exec-5] io.renren.modules.sys.dao.SysMenuDao.queryListParentId [BaseJdbcLogger.java : 159] ==> Parameters: 1(Long)
2019-10-24 12:17:07,030 [DEBUG] [http-nio-8080-exec-5] io.renren.modules.sys.dao.SysMenuDao.queryListParentId [BaseJdbcLogger.java : 159] <==      Total: 10
2019-10-24 12:17:07,032 [DEBUG] [http-nio-8080-exec-5] io.renren.modules.sys.dao.SysMenuDao.queryListParentId [BaseJdbcLogger.java : 159] ==>  Preparing: select * from sys_menu where parent_id = ? order by order_num asc 
2019-10-24 12:17:07,033 [DEBUG] [http-nio-8080-exec-5] io.renren.modules.sys.dao.SysMenuDao.queryListParentId [BaseJdbcLogger.java : 159] ==> Parameters: 72(Long)
2019-10-24 12:17:07,036 [DEBUG] [http-nio-8080-exec-5] io.renren.modules.sys.dao.SysMenuDao.queryListParentId [BaseJdbcLogger.java : 159] <==      Total: 3
2019-10-24 12:17:08,841 [DEBUG] [http-nio-8080-exec-8] io.renren.modules.sys.dao.SysMenuDao.selectList [BaseJdbcLogger.java : 159] ==>  Preparing: SELECT menu_id AS menuId,parent_id AS parentId,`name`,url,perms,`type`,icon,order_num AS orderNum FROM sys_menu 
2019-10-24 12:17:08,842 [DEBUG] [http-nio-8080-exec-8] io.renren.modules.sys.dao.SysMenuDao.selectList [BaseJdbcLogger.java : 159] ==> Parameters: 
2019-10-24 12:17:08,850 [DEBUG] [http-nio-8080-exec-8] io.renren.modules.sys.dao.SysMenuDao.selectList [BaseJdbcLogger.java : 159] <==      Total: 48
2019-10-24 12:17:08,854 [DEBUG] [http-nio-8080-exec-8] io.renren.modules.sys.dao.SysMenuDao.selectList [BaseJdbcLogger.java : 159] ==>  Preparing: SELECT menu_id AS menuId,parent_id AS parentId,`name`,url,perms,`type`,icon,order_num AS orderNum FROM sys_menu 
2019-10-24 12:17:08,855 [DEBUG] [http-nio-8080-exec-8] io.renren.modules.sys.dao.SysMenuDao.selectList [BaseJdbcLogger.java : 159] ==> Parameters: 
2019-10-24 12:17:08,860 [DEBUG] [http-nio-8080-exec-8] io.renren.modules.sys.dao.SysMenuDao.selectList [BaseJdbcLogger.java : 159] <==      Total: 48
2019-10-24 12:17:08,862 [DEBUG] [http-nio-8080-exec-8] io.renren.modules.sys.dao.SysMenuDao.selectList [BaseJdbcLogger.java : 159] ==>  Preparing: SELECT menu_id AS menuId,parent_id AS parentId,`name`,url,perms,`type`,icon,order_num AS orderNum FROM sys_menu 
2019-10-24 12:17:08,862 [DEBUG] [http-nio-8080-exec-8] io.renren.modules.sys.dao.SysMenuDao.selectList [BaseJdbcLogger.java : 159] ==> Parameters: 
2019-10-24 12:17:08,867 [DEBUG] [http-nio-8080-exec-8] io.renren.modules.sys.dao.SysMenuDao.selectList [BaseJdbcLogger.java : 159] <==      Total: 48
2019-10-24 12:17:08,943 [DEBUG] [http-nio-8080-exec-9] io.renren.modules.sys.dao.SysMenuDao.selectList [BaseJdbcLogger.java : 159] ==>  Preparing: SELECT menu_id AS menuId,parent_id AS parentId,`name`,url,perms,`type`,icon,order_num AS orderNum FROM sys_menu 
2019-10-24 12:17:08,944 [DEBUG] [http-nio-8080-exec-9] io.renren.modules.sys.dao.SysMenuDao.selectList [BaseJdbcLogger.java : 159] ==> Parameters: 
2019-10-24 12:17:08,948 [DEBUG] [http-nio-8080-exec-9] io.renren.modules.sys.dao.SysMenuDao.selectList [BaseJdbcLogger.java : 159] <==      Total: 48
2019-10-24 12:17:08,956 [DEBUG] [http-nio-8080-exec-9] io.renren.modules.sys.dao.SysMenuDao.selectList [BaseJdbcLogger.java : 159] ==>  Preparing: SELECT menu_id AS menuId,parent_id AS parentId,`name`,url,perms,`type`,icon,order_num AS orderNum FROM sys_menu 
2019-10-24 12:17:08,957 [DEBUG] [http-nio-8080-exec-9] io.renren.modules.sys.dao.SysMenuDao.selectList [BaseJdbcLogger.java : 159] ==> Parameters: 
2019-10-24 12:17:08,961 [DEBUG] [http-nio-8080-exec-9] io.renren.modules.sys.dao.SysMenuDao.selectList [BaseJdbcLogger.java : 159] <==      Total: 48
2019-10-24 12:17:08,982 [DEBUG] [http-nio-8080-exec-9] io.renren.modules.sys.dao.SysDictDao.showtype [BaseJdbcLogger.java : 159] ==>  Preparing: SELECT id,CODE,VALUE FROM sys_dict WHERE TYPE = ? ORDER BY CODE asc 
2019-10-24 12:17:08,983 [DEBUG] [http-nio-8080-exec-9] io.renren.modules.sys.dao.SysDictDao.showtype [BaseJdbcLogger.java : 159] ==> Parameters: zaizhi(String)
2019-10-24 12:17:08,985 [DEBUG] [http-nio-8080-exec-9] io.renren.modules.sys.dao.SysDictDao.showtype [BaseJdbcLogger.java : 159] <==      Total: 2
2019-10-24 12:17:08,999 [DEBUG] [http-nio-8080-exec-12] io.renren.modules.sys.dao.SysMenuDao.selectList [BaseJdbcLogger.java : 159] ==>  Preparing: SELECT menu_id AS menuId,parent_id AS parentId,`name`,url,perms,`type`,icon,order_num AS orderNum FROM sys_menu 
2019-10-24 12:17:09,000 [DEBUG] [http-nio-8080-exec-12] io.renren.modules.sys.dao.SysMenuDao.selectList [BaseJdbcLogger.java : 159] ==> Parameters: 
2019-10-24 12:17:09,005 [DEBUG] [http-nio-8080-exec-12] io.renren.modules.sys.dao.SysMenuDao.selectList [BaseJdbcLogger.java : 159] <==      Total: 48
2019-10-24 12:17:09,007 [DEBUG] [http-nio-8080-exec-10] io.renren.modules.sys.dao.SysMenuDao.selectList [BaseJdbcLogger.java : 159] ==>  Preparing: SELECT menu_id AS menuId,parent_id AS parentId,`name`,url,perms,`type`,icon,order_num AS orderNum FROM sys_menu 
2019-10-24 12:17:09,008 [DEBUG] [http-nio-8080-exec-10] io.renren.modules.sys.dao.SysMenuDao.selectList [BaseJdbcLogger.java : 159] ==> Parameters: 
2019-10-24 12:17:09,012 [DEBUG] [http-nio-8080-exec-10] io.renren.modules.sys.dao.SysMenuDao.selectList [BaseJdbcLogger.java : 159] <==      Total: 48
2019-10-24 12:17:09,015 [DEBUG] [http-nio-8080-exec-10] io.renren.modules.sys.dao.SysMenuDao.selectList [BaseJdbcLogger.java : 159] ==>  Preparing: SELECT menu_id AS menuId,parent_id AS parentId,`name`,url,perms,`type`,icon,order_num AS orderNum FROM sys_menu 
2019-10-24 12:17:09,016 [DEBUG] [http-nio-8080-exec-12] io.renren.modules.sys.dao.SysMenuDao.selectList [BaseJdbcLogger.java : 159] ==>  Preparing: SELECT menu_id AS menuId,parent_id AS parentId,`name`,url,perms,`type`,icon,order_num AS orderNum FROM sys_menu 
2019-10-24 12:17:09,016 [DEBUG] [http-nio-8080-exec-10] io.renren.modules.sys.dao.SysMenuDao.selectList [BaseJdbcLogger.java : 159] ==> Parameters: 
2019-10-24 12:17:09,018 [DEBUG] [http-nio-8080-exec-12] io.renren.modules.sys.dao.SysMenuDao.selectList [BaseJdbcLogger.java : 159] ==> Parameters: 
2019-10-24 12:17:09,020 [DEBUG] [http-nio-8080-exec-10] io.renren.modules.sys.dao.SysMenuDao.selectList [BaseJdbcLogger.java : 159] <==      Total: 48
2019-10-24 12:17:09,023 [DEBUG] [http-nio-8080-exec-12] io.renren.modules.sys.dao.SysMenuDao.selectList [BaseJdbcLogger.java : 159] <==      Total: 48
2019-10-24 12:17:09,022 [DEBUG] [http-nio-8080-exec-10] io.renren.modules.sys.dao.SysDictDao.showtype [BaseJdbcLogger.java : 159] ==>  Preparing: SELECT id,CODE,VALUE FROM sys_dict WHERE TYPE = ? ORDER BY CODE asc 
2019-10-24 12:17:09,024 [DEBUG] [http-nio-8080-exec-10] io.renren.modules.sys.dao.SysDictDao.showtype [BaseJdbcLogger.java : 159] ==> Parameters: zaizhi(String)
2019-10-24 12:17:09,027 [DEBUG] [http-nio-8080-exec-10] io.renren.modules.sys.dao.SysDictDao.showtype [BaseJdbcLogger.java : 159] <==      Total: 2
2019-10-24 12:17:09,065 [DEBUG] [http-nio-8080-exec-12] io.renren.modules.sys.dao.SysDeptDao.selectList [BaseJdbcLogger.java : 159] ==>  Preparing: SELECT dept_id AS deptId,parent_id AS parentId,`name`,order_num AS orderNum,del_flag AS delFlag FROM sys_dept WHERE del_flag=0 ORDER BY order_num 
2019-10-24 12:17:09,065 [DEBUG] [http-nio-8080-exec-12] io.renren.modules.sys.dao.SysDeptDao.selectList [BaseJdbcLogger.java : 159] ==> Parameters: 
2019-10-24 12:17:09,067 [DEBUG] [http-nio-8080-exec-12] io.renren.modules.sys.dao.SysDeptDao.selectList [BaseJdbcLogger.java : 159] <==      Total: 1
2019-10-24 12:17:09,068 [DEBUG] [http-nio-8080-exec-12] io.renren.modules.sys.dao.SysDeptDao.selectById [BaseJdbcLogger.java : 159] ==>  Preparing: SELECT dept_id AS deptId,parent_id AS parentId,`name`,order_num AS orderNum,del_flag AS delFlag FROM sys_dept WHERE dept_id=? AND del_flag=0 
2019-10-24 12:17:09,069 [DEBUG] [http-nio-8080-exec-12] io.renren.modules.sys.dao.SysDeptDao.selectById [BaseJdbcLogger.java : 159] ==> Parameters: 0(Long)
2019-10-24 12:17:09,071 [DEBUG] [http-nio-8080-exec-12] io.renren.modules.sys.dao.SysDeptDao.selectById [BaseJdbcLogger.java : 159] <==      Total: 0
2019-10-24 12:17:09,122 [DEBUG] [http-nio-8080-exec-15] io.renren.modules.sys.dao.SysMenuDao.selectList [BaseJdbcLogger.java : 159] ==>  Preparing: SELECT menu_id AS menuId,parent_id AS parentId,`name`,url,perms,`type`,icon,order_num AS orderNum FROM sys_menu 
2019-10-24 12:17:09,123 [DEBUG] [http-nio-8080-exec-15] io.renren.modules.sys.dao.SysMenuDao.selectList [BaseJdbcLogger.java : 159] ==> Parameters: 
2019-10-24 12:17:09,126 [DEBUG] [http-nio-8080-exec-15] io.renren.modules.sys.dao.SysMenuDao.selectList [BaseJdbcLogger.java : 159] <==      Total: 48
2019-10-24 12:17:09,132 [DEBUG] [http-nio-8080-exec-15] io.renren.modules.sys.dao.SysMenuDao.selectList [BaseJdbcLogger.java : 159] ==>  Preparing: SELECT menu_id AS menuId,parent_id AS parentId,`name`,url,perms,`type`,icon,order_num AS orderNum FROM sys_menu 
2019-10-24 12:17:09,133 [DEBUG] [http-nio-8080-exec-15] io.renren.modules.sys.dao.SysMenuDao.selectList [BaseJdbcLogger.java : 159] ==> Parameters: 
2019-10-24 12:17:09,137 [DEBUG] [http-nio-8080-exec-15] io.renren.modules.sys.dao.SysMenuDao.selectList [BaseJdbcLogger.java : 159] <==      Total: 48
2019-10-24 12:17:09,206 [DEBUG] [http-nio-8080-exec-15] io.renren.modules.sys.dao.DaUserDao.selectPage [BaseJdbcLogger.java : 159] ==>  Preparing: SELECT COUNT(1) FROM da_user WHERE (delflag = ?) 
2019-10-24 12:17:09,207 [DEBUG] [http-nio-8080-exec-15] io.renren.modules.sys.dao.DaUserDao.selectPage [BaseJdbcLogger.java : 159] ==> Parameters: 0(String)
2019-10-24 12:17:09,211 [DEBUG] [http-nio-8080-exec-15] io.renren.modules.sys.dao.DaUserDao.selectPage [BaseJdbcLogger.java : 159] ==>  Preparing: SELECT id AS id,dept_id AS deptId,`name`,sex,worknumber,idnumber,policetype,mobile,birthday,`password`,`status`,cretime,creator,delflag,deltime,points,`level` FROM da_user WHERE (delflag = ?) ORDER BY name DESC LIMIT 0,10 
2019-10-24 12:17:09,212 [DEBUG] [http-nio-8080-exec-15] io.renren.modules.sys.dao.DaUserDao.selectPage [BaseJdbcLogger.java : 159] ==> Parameters: 0(String)
2019-10-24 12:17:09,214 [DEBUG] [http-nio-8080-exec-15] io.renren.modules.sys.dao.DaUserDao.selectPage [BaseJdbcLogger.java : 159] <==      Total: 1
2019-10-24 12:17:09,227 [DEBUG] [http-nio-8080-exec-16] io.renren.modules.sys.dao.SysMenuDao.selectList [BaseJdbcLogger.java : 159] ==>  Preparing: SELECT menu_id AS menuId,parent_id AS parentId,`name`,url,perms,`type`,icon,order_num AS orderNum FROM sys_menu 
2019-10-24 12:17:09,227 [DEBUG] [http-nio-8080-exec-16] io.renren.modules.sys.dao.SysMenuDao.selectList [BaseJdbcLogger.java : 159] ==> Parameters: 
2019-10-24 12:17:09,229 [DEBUG] [http-nio-8080-exec-16] io.renren.modules.sys.dao.SysMenuDao.selectList [BaseJdbcLogger.java : 159] <==      Total: 48
2019-10-24 12:17:09,230 [DEBUG] [http-nio-8080-exec-16] io.renren.modules.sys.dao.SysMenuDao.selectList [BaseJdbcLogger.java : 159] ==>  Preparing: SELECT menu_id AS menuId,parent_id AS parentId,`name`,url,perms,`type`,icon,order_num AS orderNum FROM sys_menu 
2019-10-24 12:17:09,231 [DEBUG] [http-nio-8080-exec-16] io.renren.modules.sys.dao.SysMenuDao.selectList [BaseJdbcLogger.java : 159] ==> Parameters: 
2019-10-24 12:17:09,233 [DEBUG] [http-nio-8080-exec-16] io.renren.modules.sys.dao.SysMenuDao.selectList [BaseJdbcLogger.java : 159] <==      Total: 48
2019-10-24 12:17:09,234 [DEBUG] [http-nio-8080-exec-16] io.renren.modules.sys.dao.SysDictDao.showtype [BaseJdbcLogger.java : 159] ==>  Preparing: SELECT id,CODE,VALUE FROM sys_dict WHERE TYPE = ? ORDER BY CODE asc 
2019-10-24 12:17:09,235 [DEBUG] [http-nio-8080-exec-16] io.renren.modules.sys.dao.SysDictDao.showtype [BaseJdbcLogger.java : 159] ==> Parameters: sex(String)
2019-10-24 12:17:09,236 [DEBUG] [http-nio-8080-exec-16] io.renren.modules.sys.dao.SysDictDao.showtype [BaseJdbcLogger.java : 159] <==      Total: 2
2019-10-24 12:17:09,245 [DEBUG] [http-nio-8080-exec-13] io.renren.modules.sys.dao.SysMenuDao.selectList [BaseJdbcLogger.java : 159] ==>  Preparing: SELECT menu_id AS menuId,parent_id AS parentId,`name`,url,perms,`type`,icon,order_num AS orderNum FROM sys_menu 
2019-10-24 12:17:09,246 [DEBUG] [http-nio-8080-exec-13] io.renren.modules.sys.dao.SysMenuDao.selectList [BaseJdbcLogger.java : 159] ==> Parameters: 
2019-10-24 12:17:09,248 [DEBUG] [http-nio-8080-exec-13] io.renren.modules.sys.dao.SysMenuDao.selectList [BaseJdbcLogger.java : 159] <==      Total: 48
2019-10-24 12:17:09,250 [DEBUG] [http-nio-8080-exec-13] io.renren.modules.sys.dao.SysMenuDao.selectList [BaseJdbcLogger.java : 159] ==>  Preparing: SELECT menu_id AS menuId,parent_id AS parentId,`name`,url,perms,`type`,icon,order_num AS orderNum FROM sys_menu 
2019-10-24 12:17:09,251 [DEBUG] [http-nio-8080-exec-13] io.renren.modules.sys.dao.SysMenuDao.selectList [BaseJdbcLogger.java : 159] ==> Parameters: 
2019-10-24 12:17:09,253 [DEBUG] [http-nio-8080-exec-13] io.renren.modules.sys.dao.SysMenuDao.selectList [BaseJdbcLogger.java : 159] <==      Total: 48
2019-10-24 12:17:09,254 [DEBUG] [http-nio-8080-exec-13] io.renren.modules.sys.dao.SysDictDao.showtype [BaseJdbcLogger.java : 159] ==>  Preparing: SELECT id,CODE,VALUE FROM sys_dict WHERE TYPE = ? ORDER BY CODE asc 
2019-10-24 12:17:09,255 [DEBUG] [http-nio-8080-exec-13] io.renren.modules.sys.dao.SysDictDao.showtype [BaseJdbcLogger.java : 159] ==> Parameters: zaizhi(String)
2019-10-24 12:17:09,256 [DEBUG] [http-nio-8080-exec-13] io.renren.modules.sys.dao.SysDictDao.showtype [BaseJdbcLogger.java : 159] <==      Total: 2
2019-10-24 13:17:05,235 [INFO] [SessionValidationThread-1] o.apache.shiro.session.mgt.AbstractValidatingSessionManager [AbstractValidatingSessionManager.java : 275] Validating all active sessions...
2019-10-24 13:17:05,237 [INFO] [SessionValidationThread-1] o.apache.shiro.session.mgt.AbstractValidatingSessionManager [AbstractValidatingSessionManager.java : 308] Finished session validation.  No sessions were stopped.
